[0m13:21:53.716543 [debug] [MainThread]: Sending event: {'category': 'dbt', 'action': 'invocation', 'label': 'start', 'context': [<snowplow_tracker.self_describing_json.SelfDescribingJson object at 0x0000020B58C8B920>, <snowplow_tracker.self_describing_json.SelfDescribingJson object at 0x0000020B5B4603E0>, <snowplow_tracker.self_describing_json.SelfDescribingJson object at 0x0000020B5B461400>]}


============================== 13:21:53.751498 | 87b95bba-ffda-499d-a9cb-0efa48641627 ==============================
[0m13:21:53.751498 [info ] [MainThread]: Running with dbt=1.11.2
[0m13:21:53.752058 [debug] [MainThread]: running dbt with arguments {'version_check': 'True', 'no_print': 'None', 'static_parser': 'True', 'target_path': 'None', 'warn_error_options': 'WarnErrorOptionsV2(error=[], warn=[], silence=[])', 'printer_width': '80', 'write_json': 'True', 'introspect': 'True', 'log_cache_events': 'False', 'empty': 'False', 'cache_selected_only': 'False', 'log_format': 'default', 'debug': 'False', 'fail_fast': 'False', 'profiles_dir': 'C:\\Users\\nesto\\.dbt', 'send_anonymous_usage_stats': 'True', 'quiet': 'False', 'warn_error': 'None', 'partial_parse': 'True', 'indirect_selection': 'eager', 'use_colors': 'True', 'invocation_command': 'dbt run', 'use_experimental_parser': 'False', 'log_path': 'logs'}
[0m13:21:53.778986 [error] [MainThread]: Encountered an error:
Runtime Error
  No dbt_project.yml found at expected path C:\Users\nesto\OneDrive\Documentos\Zoomcamp\dbt_project.yml
  Verify that each entry within packages.yml (and their transitive dependencies) contains a file named dbt_project.yml
  
[0m13:21:53.782972 [debug] [MainThread]: Command `dbt run` failed at 13:21:53.782213 after 0.48 seconds
[0m13:21:53.784507 [debug] [MainThread]: Sending event: {'category': 'dbt', 'action': 'invocation', 'label': 'end', 'context': [<snowplow_tracker.self_describing_json.SelfDescribingJson object at 0x0000020B5B541BE0>, <snowplow_tracker.self_describing_json.SelfDescribingJson object at 0x0000020B58835520>, <snowplow_tracker.self_describing_json.SelfDescribingJson object at 0x0000020B5CCC6A20>]}
[0m13:21:53.785563 [debug] [MainThread]: Flushing usage events
[0m13:21:56.919614 [debug] [MainThread]: An error was encountered while trying to flush usage events
[0m13:22:22.380190 [debug] [MainThread]: Sending event: {'category': 'dbt', 'action': 'invocation', 'label': 'start', 'context': [<snowplow_tracker.self_describing_json.SelfDescribingJson object at 0x0000027A4CA84B00>, <snowplow_tracker.self_describing_json.SelfDescribingJson object at 0x0000027A4F10EBD0>, <snowplow_tracker.self_describing_json.SelfDescribingJson object at 0x0000027A4F10CFB0>]}


============================== 13:22:22.394992 | c9c95633-296f-40f5-a972-176e4eb5dc21 ==============================
[0m13:22:22.394992 [info ] [MainThread]: Running with dbt=1.11.2
[0m13:22:22.398224 [debug] [MainThread]: running dbt with arguments {'version_check': 'True', 'no_print': 'None', 'static_parser': 'True', 'warn_error_options': 'WarnErrorOptionsV2(error=[], warn=[], silence=[])', 'target_path': 'None', 'printer_width': '80', 'write_json': 'True', 'empty': 'False', 'log_cache_events': 'False', 'introspect': 'True', 'cache_selected_only': 'False', 'log_format': 'default', 'debug': 'False', 'fail_fast': 'False', 'profiles_dir': 'C:\\Users\\nesto\\.dbt', 'send_anonymous_usage_stats': 'True', 'quiet': 'False', 'warn_error': 'None', 'partial_parse': 'True', 'invocation_command': 'dbt run', 'indirect_selection': 'eager', 'use_colors': 'True', 'use_experimental_parser': 'False', 'log_path': 'logs'}
[0m13:22:22.399921 [error] [MainThread]: Encountered an error:
Runtime Error
  No dbt_project.yml found at expected path C:\Users\nesto\OneDrive\Documentos\Zoomcamp\dbt_project.yml
  Verify that each entry within packages.yml (and their transitive dependencies) contains a file named dbt_project.yml
  
[0m13:22:22.401463 [debug] [MainThread]: Command `dbt run` failed at 13:22:22.401463 after 0.39 seconds
[0m13:22:22.403092 [debug] [MainThread]: Sending event: {'category': 'dbt', 'action': 'invocation', 'label': 'end', 'context': [<snowplow_tracker.self_describing_json.SelfDescribingJson object at 0x0000027A4F5C1F40>, <snowplow_tracker.self_describing_json.SelfDescribingJson object at 0x0000027A4CA84B00>, <snowplow_tracker.self_describing_json.SelfDescribingJson object at 0x0000027A4F972FC0>]}
[0m13:22:22.404879 [debug] [MainThread]: Flushing usage events
[0m13:22:23.903220 [debug] [MainThread]: An error was encountered while trying to flush usage events
[0m13:22:38.918287 [debug] [MainThread]: Sending event: {'category': 'dbt', 'action': 'invocation', 'label': 'start', 'context': [<snowplow_tracker.self_describing_json.SelfDescribingJson object at 0x0000026619168DA0>, <snowplow_tracker.self_describing_json.SelfDescribingJson object at 0x000002661916A360>, <snowplow_tracker.self_describing_json.SelfDescribingJson object at 0x00000266162C5790>]}


============================== 13:22:38.929478 | f520653e-1bc2-4057-b436-f3940592c277 ==============================
[0m13:22:38.929478 [info ] [MainThread]: Running with dbt=1.11.2
[0m13:22:38.930535 [debug] [MainThread]: running dbt with arguments {'version_check': 'True', 'no_print': 'None', 'static_parser': 'True', 'target_path': 'None', 'warn_error_options': 'WarnErrorOptionsV2(error=[], warn=[], silence=[])', 'printer_width': '80', 'write_json': 'True', 'empty': 'False', 'log_cache_events': 'False', 'introspect': 'True', 'cache_selected_only': 'False', 'log_format': 'default', 'debug': 'False', 'fail_fast': 'False', 'profiles_dir': 'C:\\Users\\nesto\\.dbt', 'send_anonymous_usage_stats': 'True', 'quiet': 'False', 'warn_error': 'None', 'partial_parse': 'True', 'indirect_selection': 'eager', 'invocation_command': 'dbt run', 'use_colors': 'True', 'use_experimental_parser': 'False', 'log_path': 'logs'}
[0m13:22:38.932058 [error] [MainThread]: Encountered an error:
Runtime Error
  No dbt_project.yml found at expected path C:\Users\nesto\OneDrive\Documentos\Zoomcamp\dbt_project.yml
  Verify that each entry within packages.yml (and their transitive dependencies) contains a file named dbt_project.yml
  
[0m13:22:38.935127 [debug] [MainThread]: Command `dbt run` failed at 13:22:38.934607 after 0.35 seconds
[0m13:22:38.935127 [debug] [MainThread]: Sending event: {'category': 'dbt', 'action': 'invocation', 'label': 'end', 'context': [<snowplow_tracker.self_describing_json.SelfDescribingJson object at 0x00000266190273B0>, <snowplow_tracker.self_describing_json.SelfDescribingJson object at 0x000002661916A360>, <snowplow_tracker.self_describing_json.SelfDescribingJson object at 0x0000026619168DA0>]}
[0m13:22:38.936662 [debug] [MainThread]: Flushing usage events
[0m13:22:40.346733 [debug] [MainThread]: An error was encountered while trying to flush usage events
[0m15:19:17.961690 [debug] [MainThread]: Sending event: {'category': 'dbt', 'action': 'invocation', 'label': 'start', 'context': [<snowplow_tracker.self_describing_json.SelfDescribingJson object at 0x00000158C9B27890>, <snowplow_tracker.self_describing_json.SelfDescribingJson object at 0x00000158CA510620>, <snowplow_tracker.self_describing_json.SelfDescribingJson object at 0x00000158CA511220>]}


============================== 15:19:17.977206 | 3886fd62-f54c-4413-9cb4-5d9e547096f8 ==============================
[0m15:19:17.977206 [info ] [MainThread]: Running with dbt=1.11.2
[0m15:19:17.978987 [debug] [MainThread]: running dbt with arguments {'static_parser': 'True', 'no_print': 'None', 'version_check': 'True', 'warn_error_options': 'WarnErrorOptionsV2(error=[], warn=[], silence=[])', 'target_path': 'None', 'printer_width': '80', 'write_json': 'True', 'empty': 'False', 'log_cache_events': 'False', 'introspect': 'True', 'cache_selected_only': 'False', 'log_format': 'default', 'debug': 'False', 'fail_fast': 'False', 'profiles_dir': 'C:\\Users\\nesto\\.dbt', 'send_anonymous_usage_stats': 'True', 'quiet': 'False', 'warn_error': 'None', 'partial_parse': 'True', 'use_colors': 'True', 'indirect_selection': 'eager', 'invocation_command': 'dbt build', 'use_experimental_parser': 'False', 'log_path': 'logs'}
[0m15:19:17.980619 [error] [MainThread]: Encountered an error:
Runtime Error
  No dbt_project.yml found at expected path C:\Users\nesto\OneDrive\Documentos\Zoomcamp\dbt_project.yml
  Verify that each entry within packages.yml (and their transitive dependencies) contains a file named dbt_project.yml
  
[0m15:19:17.982402 [debug] [MainThread]: Command `dbt build` failed at 15:19:17.982402 after 0.35 seconds
[0m15:19:17.983399 [debug] [MainThread]: Sending event: {'category': 'dbt', 'action': 'invocation', 'label': 'end', 'context': [<snowplow_tracker.self_describing_json.SelfDescribingJson object at 0x00000158CAC17740>, <snowplow_tracker.self_describing_json.SelfDescribingJson object at 0x00000158CA719160>, <snowplow_tracker.self_describing_json.SelfDescribingJson object at 0x00000158C9B27890>]}
[0m15:19:17.983910 [debug] [MainThread]: Flushing usage events
[0m15:19:19.448429 [debug] [MainThread]: An error was encountered while trying to flush usage events
